<?xml version="1.0" encoding="UTF-8"?>
<!-- Generated by org.testng.reporters.JUnitXMLReporter -->
<testsuite hostname="I-0E39D352291766343" ignored="0" name="Surefire test" tests="4" failures="1" timestamp="25 Oct 2021 08:27:13 GMT" time="6.71" errors="0">
  <testcase name="carCheck" time="1.585" classname="automationModules.CarCheckTest"/>
  <testcase name="carCheck" time="0.468" classname="automationModules.CarCheckTest">
    <failure type="java.lang.AssertionError" message="Car : BW57 BOW not present expected [] but found [BW57BOW]">
      <![CDATA[java.lang.AssertionError: Car : BW57 BOW not present expected [] but found [BW57BOW]
at automationModules.CarCheckTest.carCheck(CarCheckTest.java:44)
... Removed 34 stack frames]]>
    </failure>
  </testcase> <!-- carCheck -->
  <testcase name="carCheck" time="0.68" classname="automationModules.CarCheckTest"/>
  <testcase name="carCheck" time="0.744" classname="automationModules.CarCheckTest"/>
</testsuite> <!-- Surefire test -->
