<?xml version="1.0" encoding="UTF-8"?>
<testng-results skipped="0" failed="1" ignored="0" total="4" passed="3">
  <reporter-output>
  </reporter-output>
  <suite name="Surefire suite" duration-ms="6710" started-at="2021-10-25T08:27:07Z" finished-at="2021-10-25T08:27:13Z">
    <groups>
    </groups>
    <test name="Surefire test" duration-ms="6710" started-at="2021-10-25T08:27:07Z" finished-at="2021-10-25T08:27:13Z">
      <class name="automationModules.CarCheckTest">
        <test-method status="PASS" signature="testSetup()[pri:0, instance:automationModules.CarCheckTest@3cbbc1e0]" name="testSetup" is-config="true" duration-ms="1938" started-at="2021-10-25T08:27:07Z" finished-at="2021-10-25T08:27:09Z">
          <reporter-output>
          </reporter-output>
        </test-method> <!-- testSetup -->
        <test-method status="PASS" signature="carCheck(java.lang.String)[pri:0, instance:automationModules.CarCheckTest@3cbbc1e0]" name="carCheck" duration-ms="1585" started-at="2021-10-25T08:27:09Z" data-provider="testData" finished-at="2021-10-25T08:27:10Z">
          <params>
            <param index="0">
              <value>
                <![CDATA[DN09HRM]]>
              </value>
            </param>
          </params>
          <reporter-output>
          </reporter-output>
        </test-method> <!-- carCheck -->
        <test-method status="FAIL" signature="carCheck(java.lang.String)[pri:0, instance:automationModules.CarCheckTest@3cbbc1e0]" name="carCheck" duration-ms="468" started-at="2021-10-25T08:27:10Z" data-provider="testData" finished-at="2021-10-25T08:27:11Z">
          <params>
            <param index="0">
              <value>
                <![CDATA[BW57 BOW]]>
              </value>
            </param>
          </params>
          <exception class="java.lang.AssertionError">
            <message>
              <![CDATA[Car : BW57 BOW not present expected [] but found [BW57BOW]]]>
            </message>
            <full-stacktrace>
              <![CDATA[java.lang.AssertionError: Car : BW57 BOW not present expected [] but found [BW57BOW]
at org.testng.Assert.fail(Assert.java:96)
at org.testng.Assert.failNotEquals(Assert.java:776)
at org.testng.Assert.assertEqualsImpl(Assert.java:137)
at org.testng.Assert.assertEquals(Assert.java:118)
at org.testng.Assert.assertEquals(Assert.java:453)
at automationModules.CarCheckTest.carCheck(CarCheckTest.java:44)
at sun.reflect.NativeMethodAccessorImpl.invoke0(Native Method)
at sun.reflect.NativeMethodAccessorImpl.invoke(NativeMethodAccessorImpl.java:62)
at sun.reflect.DelegatingMethodAccessorImpl.invoke(DelegatingMethodAccessorImpl.java:43)
at java.lang.reflect.Method.invoke(Method.java:498)
at org.testng.internal.MethodInvocationHelper.invokeMethod(MethodInvocationHelper.java:124)
at org.testng.internal.Invoker.invokeMethod(Invoker.java:583)
at org.testng.internal.Invoker.invokeTestMethod(Invoker.java:719)
at org.testng.internal.Invoker.invokeTestMethods(Invoker.java:989)
at org.testng.internal.TestMethodWorker.invokeTestMethods(TestMethodWorker.java:125)
at org.testng.internal.TestMethodWorker.run(TestMethodWorker.java:109)
at org.testng.TestRunner.privateRun(TestRunner.java:648)
at org.testng.TestRunner.run(TestRunner.java:505)
at org.testng.SuiteRunner.runTest(SuiteRunner.java:455)
at org.testng.SuiteRunner.runSequentially(SuiteRunner.java:450)
at org.testng.SuiteRunner.privateRun(SuiteRunner.java:415)
at org.testng.SuiteRunner.run(SuiteRunner.java:364)
at org.testng.SuiteRunnerWorker.runSuite(SuiteRunnerWorker.java:52)
at org.testng.SuiteRunnerWorker.run(SuiteRunnerWorker.java:84)
at org.testng.TestNG.runSuitesSequentially(TestNG.java:1208)
at org.testng.TestNG.runSuitesLocally(TestNG.java:1137)
at org.testng.TestNG.runSuites(TestNG.java:1049)
at org.testng.TestNG.run(TestNG.java:1017)
at org.apache.maven.surefire.testng.TestNGExecutor.run(TestNGExecutor.java:132)
at org.apache.maven.surefire.testng.TestNGDirectoryTestSuite.executeSingleClass(TestNGDirectoryTestSuite.java:112)
at org.apache.maven.surefire.testng.TestNGDirectoryTestSuite.execute(TestNGDirectoryTestSuite.java:99)
at org.apache.maven.surefire.testng.TestNGProvider.invoke(TestNGProvider.java:147)
at org.apache.maven.surefire.booter.ForkedBooter.invokeProviderInSameClassLoader(ForkedBooter.java:290)
at org.apache.maven.surefire.booter.ForkedBooter.runSuitesInProcess(ForkedBooter.java:242)
at org.apache.maven.surefire.booter.ForkedBooter.main(ForkedBooter.java:121)
]]>
            </full-stacktrace>
          </exception> <!-- java.lang.AssertionError -->
          <reporter-output>
          </reporter-output>
        </test-method> <!-- carCheck -->
        <test-method status="PASS" signature="carCheck(java.lang.String)[pri:0, instance:automationModules.CarCheckTest@3cbbc1e0]" name="carCheck" duration-ms="680" started-at="2021-10-25T08:27:11Z" data-provider="testData" finished-at="2021-10-25T08:27:11Z">
          <params>
            <param index="0">
              <value>
                <![CDATA[KT17DLX]]>
              </value>
            </param>
          </params>
          <reporter-output>
          </reporter-output>
        </test-method> <!-- carCheck -->
        <test-method status="PASS" signature="carCheck(java.lang.String)[pri:0, instance:automationModules.CarCheckTest@3cbbc1e0]" name="carCheck" duration-ms="744" started-at="2021-10-25T08:27:11Z" data-provider="testData" finished-at="2021-10-25T08:27:12Z">
          <params>
            <param index="0">
              <value>
                <![CDATA[SG18 HTN]]>
              </value>
            </param>
          </params>
          <reporter-output>
          </reporter-output>
        </test-method> <!-- carCheck -->
        <test-method status="PASS" signature="shutDown()[pri:0, instance:automationModules.CarCheckTest@3cbbc1e0]" name="shutDown" is-config="true" duration-ms="1240" started-at="2021-10-25T08:27:12Z" finished-at="2021-10-25T08:27:13Z">
          <reporter-output>
          </reporter-output>
        </test-method> <!-- shutDown -->
      </class> <!-- automationModules.CarCheckTest -->
    </test> <!-- Surefire test -->
  </suite> <!-- Surefire suite -->
</testng-results>
